TN:
SF:/Users/ali-130257n/version-manager/src/index.js
FN:5,(anonymous_0)
FN:10,(anonymous_1)
FN:70,(anonymous_2)
FNF:3
FNH:3
FNDA:22,(anonymous_0)
FNDA:66,(anonymous_1)
FNDA:8,(anonymous_2)
DA:2,1
DA:3,1
DA:5,1
DA:6,22
DA:7,0
DA:9,22
DA:10,22
DA:11,66
DA:13,22
DA:16,1
DA:19,3
DA:23,4
DA:24,4
DA:25,4
DA:26,2
DA:27,2
DA:28,1
DA:29,1
DA:30,1
DA:32,1
DA:33,1
DA:36,2
DA:38,4
DA:42,3
DA:43,3
DA:44,3
DA:45,2
DA:46,2
DA:47,1
DA:48,1
DA:49,1
DA:51,1
DA:52,1
DA:55,1
DA:57,3
DA:61,3
DA:62,3
DA:63,0
DA:65,3
DA:66,3
DA:70,3
DA:71,8
DA:73,3
DA:77,3
DA:78,3
DA:79,1
DA:80,2
DA:81,1
DA:83,1
DA:88,1
DA:92,1
LF:51
LH:49
BRDA:6,0,0,0
BRDA:6,0,1,22
BRDA:25,1,0,2
BRDA:25,1,1,2
BRDA:27,2,0,1
BRDA:27,2,1,1
BRDA:44,3,0,2
BRDA:44,3,1,1
BRDA:46,4,0,1
BRDA:46,4,1,1
BRDA:62,5,0,0
BRDA:62,5,1,3
BRDA:78,6,0,1
BRDA:78,6,1,2
BRDA:80,7,0,1
BRDA:80,7,1,1
BRF:16
BRH:14
end_of_record
